Acces au site /a-tribe-called-quest.html sur le port 8080
Acces au site /css/style.css sur le port 8080
Acces au site /images/path_rythm.jpg sur le port 8080
Acces au site /pink-floyd.html sur le port 8080
Acces au site /css/style.css sur le port 8080
Acces au site /images/color-corrected-wish-you-were-here-iphone-wallpaper-read-v0-z5u2a3ojeoca1.jpg sur le port 8080
Acces au site /stevie-wonder.html sur le port 8080
Acces au site /css/style.css sur le port 8080
Acces au site /images/songs-in-the-key-of-life-stevie-wonder-large-standard.jpg sur le port 8080
Acces au site /a-tribe-called-quest.html sur le port 8080
Acces au site /css/style.css sur le port 8080
Acces au site /images/path_rythm.jpg sur le port 8080
Acces au site /a-tribe-called-quest.html sur le port 8080
Acces au site /css/style.css sur le port 8080
Acces au site /images/path_rythm.jpg sur le port 8080
Acces au site /a-tribe-called-quest.html sur le port 8080
Acces au site /css/style.css sur le port 8080
Acces au site /images/path_rythm.jpg sur le port 8080
Acces au site  sur le port 80
Acces au site /pink-floyd.html sur le port 8080
Acces au site /css/style.css sur le port 8080
Acces au site /images/color-corrected-wish-you-were-here-iphone-wallpaper-read-v0-z5u2a3ojeoca1.jpg sur le port 8080
Acces au site /a-propos.html sur le port 8080
Acces au site /css/style.css sur le port 8080
Acces au site /images/rubrique.jpg sur le port 8080
Acces au site /images/article.jpg sur le port 8080
Acces au site /index.html sur le port 8080
Acces au site /css/style.css sur le port 8080
Acces au site /images/collage-atcq.jpg sur le port 8080
Acces au site /images/collage-pf.jpg sur le port 8080
Acces au site /images/collage-sw.jpg sur le port 8080
Acces au site /index.html sur le port 8080
Acces au site /css/style.css sur le port 8080
Acces au site /images/collage-atcq.jpg sur le port 8080
Acces au site /images/collage-pf.jpg sur le port 8080
Acces au site /images/collage-sw.jpg sur le port 8080
Acces au site /a-tribe-called-quest.html sur le port 8080
Acces au site /css/style.css sur le port 8080
Acces au site /images/path_rythm.jpg sur le port 8080
Acces au site /stevie-wonder.html sur le port 8080
Acces au site /css/style.css sur le port 8080
Acces au site /images/songs-in-the-key-of-life-stevie-wonder-large-standard.jpg sur le port 8080
Acces au site /index.html sur le port 8080
Acces au site /css/style.css sur le port 8080
Acces au site /images/collage-atcq.jpg sur le port 8080
Acces au site /images/collage-pf.jpg sur le port 8080
Acces au site /images/collage-sw.jpg sur le port 8080
Acces au site /pink-floyd.html sur le port 8080
Acces au site /css/style.css sur le port 8080
Acces au site /images/color-corrected-wish-you-were-here-iphone-wallpaper-read-v0-z5u2a3ojeoca1.jpg sur le port 8080
Acces au site /a-tribe-called-quest.html sur le port 8080
Acces au site /css/style.css sur le port 8080
Acces au site /images/path_rythm.jpg sur le port 8080
Acces au site /index.html sur le port 8080
Acces au site /css/style.css sur le port 8080
Acces au site /images/collage-atcq.jpg sur le port 8080
Acces au site /images/collage-pf.jpg sur le port 8080
Acces au site /images/collage-sw.jpg sur le port 8080
Acces au site /pink-floyd.html sur le port 8080
Acces au site /css/style.css sur le port 8080
Acces au site /images/color-corrected-wish-you-were-here-iphone-wallpaper-read-v0-z5u2a3ojeoca1.jpg sur le port 8080
Acces au site /status sur le port 8080
Acces au site /status sur le port 8080
Acces au site /status sur le port 8080
